<?xml version="1.0" encoding="UTF-8"?>
<testsuite xmlns:xsi="http://www.w3.org/2001/XMLSchema-instance" xsi:noNamespaceSchemaLocation="https://maven.apache.org/surefire/maven-surefire-plugin/xsd/surefire-test-report-3.0.xsd" version="3.0" name="EmprestimoTest" time="0.153" tests="5" errors="0" skipped="0" failures="0">
  <properties>
[...]
</properties>
  <testcase name="testCalculaDataDevolucaoCaso1" classname="EmprestimoTest" time="0.012"/>
  <testcase name="testCalculaDataDevolucaoCaso2" classname="EmprestimoTest" time="0.003"/>
  <testcase name="testCalculaDataDevolucaoCaso3" classname="EmprestimoTest" time="0.001"/>
  <testcase name="testCalculaDataDevolucaoCaso4" classname="EmprestimoTest" time="0.003"/>
  <testcase name="testCalculaDataDevolucaoCaso5" classname="EmprestimoTest" time="0.004"/>
</testsuite>